[2015-04-06 14:08:19--722497]send conta pic data succ 20150406132615803664,511933,packetlen 511849......
[2015-04-06 14:08:19--722666]handleSysSequenceControl,event id C000000001...
[2015-04-06 14:08:19--722713]handle event C000000001,packet data...
[2015-04-06 14:08:19--722772]prepare packet data CAR
 <CAR>
<VE_NAME></VE_NAME>
<CAR_EC_NO>E4004F43405933A0</CAR_EC_NO>
<CAR_EC_NO2></CAR_EC_NO2>
<VE_CUSTOMS_NO></VE_CUSTOMS_NO>
<VE_WT></VE_WT>
</CAR>

[2015-04-06 14:08:19--722827]prepare packet data CONTA
 <CONTA>
<CONTA_NUM>2</CONTA_NUM>
<CONTA_RECO>1</CONTA_RECO>
<CONTA_ID_F>HLXU4074106</CONTA_ID_F>
<CONTA_ID_B>FCIU9176921</CONTA_ID_B>
<CONTA_MODEL_F>20</CONTA_MODEL_F>
<CONTA_MODEL_B>20</CONTA_MODEL_B>
</CONTA>
<CONTA_PIC>
<CONTA_PIC_F>/dev/shm/1.jpg</CONTA_PIC_F>
<CONTA_PIC_B>/dev/shm/2.jpg</CONTA_PIC_B>
<CONTA_PIC_LF>/dev/shm/3.jpg</CONTA_PIC_LF>
<CONTA_PIC_RF>/dev/shm/4.jpg</CONTA_PIC_RF>
<CONTA_PIC_LB>/dev/shm/5.jpg</CONTA_PIC_LB>
<CONTA_PIC_RB>/dev/shm/6.jpg</CONTA_PIC_RB>
</CONTA_PIC>

[2015-04-06 14:08:19--722885]prepare packet data IC
 <IC>
<DR_IC_NO>SP00000000</DR_IC_NO>
<IC_DR_CUSTOMS_NO></IC_DR_CUSTOMS_NO>
<IC_CO_CUSTOMS_NO></IC_CO_CUSTOMS_NO>
<IC_BILL_NO></IC_BILL_NO>
<IC_GROSS_WT></IC_GROSS_WT>
<IC_VE_CUSTOMS_NO></IC_VE_CUSTOMS_NO>
<IC_VE_NAME></IC_VE_NAME>
<IC_CONTA_ID></IC_CONTA_ID>
<IC_ESEAL_ID></IC_ESEAL_ID>
<IC_BUSS_TYPE></IC_BUSS_TYPE>
<IC_EX_DATA></IC_EX_DATA>
</IC>

[2015-04-06 14:08:19--722935]XML data is 
 <GATHER_INFO AREA_ID="1234567890" CHNL_NO="1000000000" I_E_TYPE="I" SEQ_NO="20150406132615803664">
[2015-04-06 14:08:19--722994]send data to platform 20150406132615803664...
[2015-04-06 14:08:19--723125]send to centerchannelmanager server 20150406132615803664 succ...
[2015-04-06 14:08:19--854606]connect to 127.0.0.1:9600 fail......
[2015-04-06 14:08:20--224496]send conta pic data succ 20150406132615803664,511933,packetlen 511849......
[2015-04-06 14:08:20--311561]********publish exception event  C000000001
[2015-04-06 14:08:20--311694]handleSysSequenceControl,event id C000000001...
[2015-04-06 14:08:20--311775]handle event C000000001,packet data...
[2015-04-06 14:08:20--311838]prepare packet data CAR
 <CAR>
<VE_NAME></VE_NAME>
<CAR_EC_NO>E4004F43405933A0</CAR_EC_NO>
<CAR_EC_NO2></CAR_EC_NO2>
<VE_CUSTOMS_NO></VE_CUSTOMS_NO>
<VE_WT></VE_WT>
</CAR>

[2015-04-06 14:08:20--311894]prepare packet data CONTA
 <CONTA>
<CONTA_NUM>2</CONTA_NUM>
<CONTA_RECO>1</CONTA_RECO>
<CONTA_ID_F>HLXU4074106</CONTA_ID_F>
<CONTA_ID_B>FCIU9176921</CONTA_ID_B>
<CONTA_MODEL_F>20</CONTA_MODEL_F>
<CONTA_MODEL_B>20</CONTA_MODEL_B>
</CONTA>
<CONTA_PIC>
<CONTA_PIC_F>/dev/shm/1.jpg</CONTA_PIC_F>
<CONTA_PIC_B>/dev/shm/2.jpg</CONTA_PIC_B>
<CONTA_PIC_LF>/dev/shm/3.jpg</CONTA_PIC_LF>
<CONTA_PIC_RF>/dev/shm/4.jpg</CONTA_PIC_RF>
<CONTA_PIC_LB>/dev/shm/5.jpg</CONTA_PIC_LB>
<CONTA_PIC_RB>/dev/shm/6.jpg</CONTA_PIC_RB>
</CONTA_PIC>

[2015-04-06 14:08:20--311953]prepare packet data IC
 <IC>
<DR_IC_NO>SP00000000</DR_IC_NO>
<IC_DR_CUSTOMS_NO></IC_DR_CUSTOMS_NO>
<IC_CO_CUSTOMS_NO></IC_CO_CUSTOMS_NO>
<IC_BILL_NO></IC_BILL_NO>
<IC_GROSS_WT></IC_GROSS_WT>
<IC_VE_CUSTOMS_NO></IC_VE_CUSTOMS_NO>
<IC_VE_NAME></IC_VE_NAME>
<IC_CONTA_ID></IC_CONTA_ID>
<IC_ESEAL_ID></IC_ESEAL_ID>
<IC_BUSS_TYPE></IC_BUSS_TYPE>
<IC_EX_DATA></IC_EX_DATA>
</IC>

[2015-04-06 14:08:20--312003]XML data is 
 <GATHER_INFO AREA_ID="1234567890" CHNL_NO="1000000000" I_E_TYPE="I" SEQ_NO="20150406132615803664">
[2015-04-06 14:08:20--312063]send data to platform 20150406132615803664...
[2015-04-06 14:08:20--312231]send to centerchannelmanager server 20150406132615803664 succ...
[2015-04-06 14:08:20--332606]********publish exception event  C000000001
[2015-04-06 14:08:20--813535]send conta pic data succ 20150406132615803664,511933,packetlen 511849......
[2015-04-06 14:08:20--813635]handleSysSequenceControl,event id C000000001...
[2015-04-06 14:08:20--813681]handle event C000000001,packet data...
[2015-04-06 14:08:20--813739]prepare packet data CAR
 <CAR>
<VE_NAME></VE_NAME>
<CAR_EC_NO>E4004F43405933A0</CAR_EC_NO>
<CAR_EC_NO2></CAR_EC_NO2>
<VE_CUSTOMS_NO></VE_CUSTOMS_NO>
<VE_WT></VE_WT>
</CAR>

[2015-04-06 14:08:20--813819]prepare packet data CONTA
 <CONTA>
<CONTA_NUM>2</CONTA_NUM>
<CONTA_RECO>1</CONTA_RECO>
<CONTA_ID_F>HLXU4074106</CONTA_ID_F>
<CONTA_ID_B>FCIU9176921</CONTA_ID_B>
<CONTA_MODEL_F>20</CONTA_MODEL_F>
<CONTA_MODEL_B>20</CONTA_MODEL_B>
</CONTA>
<CONTA_PIC>
<CONTA_PIC_F>/dev/shm/1.jpg</CONTA_PIC_F>
<CONTA_PIC_B>/dev/shm/2.jpg</CONTA_PIC_B>
<CONTA_PIC_LF>/dev/shm/3.jpg</CONTA_PIC_LF>
<CONTA_PIC_RF>/dev/shm/4.jpg</CONTA_PIC_RF>
<CONTA_PIC_LB>/dev/shm/5.jpg</CONTA_PIC_LB>
<CONTA_PIC_RB>/dev/shm/6.jpg</CONTA_PIC_RB>
</CONTA_PIC>

[2015-04-06 14:08:20--813880]prepare packet data IC
 <IC>
<DR_IC_NO>SP00000000</DR_IC_NO>
<IC_DR_CUSTOMS_NO></IC_DR_CUSTOMS_NO>
<IC_CO_CUSTOMS_NO></IC_CO_CUSTOMS_NO>
<IC_BILL_NO></IC_BILL_NO>
<IC_GROSS_WT></IC_GROSS_WT>
<IC_VE_CUSTOMS_NO></IC_VE_CUSTOMS_NO>
<IC_VE_NAME></IC_VE_NAME>
<IC_CONTA_ID></IC_CONTA_ID>
<IC_ESEAL_ID></IC_ESEAL_ID>
<IC_BUSS_TYPE></IC_BUSS_TYPE>
<IC_EX_DATA></IC_EX_DATA>
</IC>

[2015-04-06 14:08:20--813931]XML data is 
 <GATHER_INFO AREA_ID="1234567890" CHNL_NO="1000000000" I_E_TYPE="I" SEQ_NO="20150406132615803664">
[2015-04-06 14:08:20--813990]send data to platform 20150406132615803664...
[2015-04-06 14:08:20--814115]send to centerchannelmanager server 20150406132615803664 succ...
[2015-04-06 14:08:20--835586]********publish exception event  C000000001
[2015-04-06 14:08:20--856591]********publish exception event  C000000001
[2015-04-06 14:08:21--065656]********publish exception event  C000000001
[2015-04-06 14:08:21--086556]********publish exception event  C000000001
[2015-04-06 14:08:21--275670]********publish exception event  C000000001
[2015-04-06 14:08:21--296612]********publish exception event  C000000001
[2015-04-06 14:08:21--315466]send conta pic data succ 20150406132615803664,511933,packetlen 511849......
[2015-04-06 14:08:21--315553]handleSysSequenceControl,event id C000000001...
[2015-04-06 14:08:21--315602]handle event C000000001,packet data...
[2015-04-06 14:08:21--315659]prepare packet data CAR
 <CAR>
<VE_NAME></VE_NAME>
<CAR_EC_NO>E4004F43405933A0</CAR_EC_NO>
<CAR_EC_NO2></CAR_EC_NO2>
<VE_CUSTOMS_NO></VE_CUSTOMS_NO>
<VE_WT></VE_WT>
</CAR>

[2015-04-06 14:08:21--315715]prepare packet data CONTA
 <CONTA>
<CONTA_NUM>2</CONTA_NUM>
<CONTA_RECO>1</CONTA_RECO>
<CONTA_ID_F>HLXU4074106</CONTA_ID_F>
<CONTA_ID_B>FCIU9176921</CONTA_ID_B>
<CONTA_MODEL_F>20</CONTA_MODEL_F>
<CONTA_MODEL_B>20</CONTA_MODEL_B>
</CONTA>
<CONTA_PIC>
<CONTA_PIC_F>/dev/shm/1.jpg</CONTA_PIC_F>
<CONTA_PIC_B>/dev/shm/2.jpg</CONTA_PIC_B>
<CONTA_PIC_LF>/dev/shm/3.jpg</CONTA_PIC_LF>
<CONTA_PIC_RF>/dev/shm/4.jpg</CONTA_PIC_RF>
<CONTA_PIC_LB>/dev/shm/5.jpg</CONTA_PIC_LB>
<CONTA_PIC_RB>/dev/shm/6.jpg</CONTA_PIC_RB>
</CONTA_PIC>

[2015-04-06 14:08:21--315776]prepare packet data IC
 <IC>
<DR_IC_NO>SP00000000</DR_IC_NO>
<IC_DR_CUSTOMS_NO></IC_DR_CUSTOMS_NO>
<IC_CO_CUSTOMS_NO></IC_CO_CUSTOMS_NO>
<IC_BILL_NO></IC_BILL_NO>
<IC_GROSS_WT></IC_GROSS_WT>
<IC_VE_CUSTOMS_NO></IC_VE_CUSTOMS_NO>
<IC_VE_NAME></IC_VE_NAME>
<IC_CONTA_ID></IC_CONTA_ID>
<IC_ESEAL_ID></IC_ESEAL_ID>
<IC_BUSS_TYPE></IC_BUSS_TYPE>
<IC_EX_DATA></IC_EX_DATA>
</IC>

[2015-04-06 14:08:21--315826]XML data is 
 <GATHER_INFO AREA_ID="1234567890" CHNL_NO="1000000000" I_E_TYPE="I" SEQ_NO="20150406132615803664">
[2015-04-06 14:08:21--315885]send data to platform 20150406132615803664...
[2015-04-06 14:08:21--315979]send to centerchannelmanager server 20150406132615803664 succ...
[2015-04-06 14:08:21--526665]********publish exception event  C000000001
[2015-04-06 14:08:21--547667]********publish exception event  C000000001
[2015-04-06 14:08:21--736674]********publish exception event  C000000001
[2015-04-06 14:08:21--757691]********publish exception event  C000000001
[2015-04-06 14:08:21--817511]send conta pic data succ 20150406132615803664,511933,packetlen 511849......
[2015-04-06 14:08:21--817618]handleSysSequenceControl,event id C000000001...
[2015-04-06 14:08:21--817678]handle event C000000001,packet data...
[2015-04-06 14:08:21--817750]prepare packet data CAR
 <CAR>
<VE_NAME></VE_NAME>
<CAR_EC_NO>E4004F43405933A0</CAR_EC_NO>
<CAR_EC_NO2></CAR_EC_NO2>
<VE_CUSTOMS_NO></VE_CUSTOMS_NO>
<VE_WT></VE_WT>
</CAR>

[2015-04-06 14:08:21--817835]prepare packet data CONTA
 <CONTA>
<CONTA_NUM>2</CONTA_NUM>
<CONTA_RECO>1</CONTA_RECO>
<CONTA_ID_F>HLXU4074106</CONTA_ID_F>
<CONTA_ID_B>FCIU9176921</CONTA_ID_B>
<CONTA_MODEL_F>20</CONTA_MODEL_F>
<CONTA_MODEL_B>20</CONTA_MODEL_B>
</CONTA>
<CONTA_PIC>
<CONTA_PIC_F>/dev/shm/1.jpg</CONTA_PIC_F>
<CONTA_PIC_B>/dev/shm/2.jpg</CONTA_PIC_B>
<CONTA_PIC_LF>/dev/shm/3.jpg</CONTA_PIC_LF>
<CONTA_PIC_RF>/dev/shm/4.jpg</CONTA_PIC_RF>
<CONTA_PIC_LB>/dev/shm/5.jpg</CONTA_PIC_LB>
<CONTA_PIC_RB>/dev/shm/6.jpg</CONTA_PIC_RB>
</CONTA_PIC>

[2015-04-06 14:08:21--817915]prepare packet data IC
 <IC>
<DR_IC_NO>SP00000000</DR_IC_NO>
<IC_DR_CUSTOMS_NO></IC_DR_CUSTOMS_NO>
<IC_CO_CUSTOMS_NO></IC_CO_CUSTOMS_NO>
<IC_BILL_NO></IC_BILL_NO>
<IC_GROSS_WT></IC_GROSS_WT>
<IC_VE_CUSTOMS_NO></IC_VE_CUSTOMS_NO>
<IC_VE_NAME></IC_VE_NAME>
<IC_CONTA_ID></IC_CONTA_ID>
<IC_ESEAL_ID></IC_ESEAL_ID>
<IC_BUSS_TYPE></IC_BUSS_TYPE>
<IC_EX_DATA></IC_EX_DATA>
</IC>

[2015-04-06 14:08:21--817983]XML data is 
 <GATHER_INFO AREA_ID="1234567890" CHNL_NO="1000000000" I_E_TYPE="I" SEQ_NO="20150406132615803664">
[2015-04-06 14:08:21--818065]send data to platform 20150406132615803664...
[2015-04-06 14:08:21--818194]send to centerchannelmanager server 20150406132615803664 succ...
[2015-04-06 14:08:21--855665]connect to 127.0.0.1:9600 fail......
[2015-04-06 14:08:21--946709]********publish exception event  C000000001
[2015-04-06 14:08:21--967670]********publish exception event  C000000001
[2015-04-06 14:08:22--319520]send conta pic data succ 20150406132615803664,511933,packetlen 511849......
[2015-04-06 14:08:22--319635]handleSysSequenceControl,event id C000000001...
[2015-04-06 14:08:22--319683]handle event C000000001,packet data...
[2015-04-06 14:08:22--319741]prepare packet data CAR
 <CAR>
<VE_NAME></VE_NAME>
<CAR_EC_NO>E4004F43405933A0</CAR_EC_NO>
<CAR_EC_NO2></CAR_EC_NO2>
<VE_CUSTOMS_NO></VE_CUSTOMS_NO>
<VE_WT></VE_WT>
</CAR>

[2015-04-06 14:08:22--319797]prepare packet data CONTA
 <CONTA>
<CONTA_NUM>2</CONTA_NUM>
<CONTA_RECO>1</CONTA_RECO>
<CONTA_ID_F>HLXU4074106</CONTA_ID_F>
<CONTA_ID_B>FCIU9176921</CONTA_ID_B>
<CONTA_MODEL_F>20</CONTA_MODEL_F>
<CONTA_MODEL_B>20</CONTA_MODEL_B>
</CONTA>
<CONTA_PIC>
<CONTA_PIC_F>/dev/shm/1.jpg</CONTA_PIC_F>
<CONTA_PIC_B>/dev/shm/2.jpg</CONTA_PIC_B>
<CONTA_PIC_LF>/dev/shm/3.jpg</CONTA_PIC_LF>
<CONTA_PIC_RF>/dev/shm/4.jpg</CONTA_PIC_RF>
<CONTA_PIC_LB>/dev/shm/5.jpg</CONTA_PIC_LB>
<CONTA_PIC_RB>/dev/shm/6.jpg</CONTA_PIC_RB>
</CONTA_PIC>

[2015-04-06 14:08:22--319856]prepare packet data IC
 <IC>
<DR_IC_NO>SP00000000</DR_IC_NO>
<IC_DR_CUSTOMS_NO></IC_DR_CUSTOMS_NO>
<IC_CO_CUSTOMS_NO></IC_CO_CUSTOMS_NO>
<IC_BILL_NO></IC_BILL_NO>
<IC_GROSS_WT></IC_GROSS_WT>
<IC_VE_CUSTOMS_NO></IC_VE_CUSTOMS_NO>
<IC_VE_NAME></IC_VE_NAME>
<IC_CONTA_ID></IC_CONTA_ID>
<IC_ESEAL_ID></IC_ESEAL_ID>
<IC_BUSS_TYPE></IC_BUSS_TYPE>
<IC_EX_DATA></IC_EX_DATA>
</IC>

[2015-04-06 14:08:22--319905]XML data is 
 <GATHER_INFO AREA_ID="1234567890" CHNL_NO="1000000000" I_E_TYPE="I" SEQ_NO="20150406132615803664">
[2015-04-06 14:08:22--319964]send data to platform 20150406132615803664...
[2015-04-06 14:08:22--320112]send to centerchannelmanager server 20150406132615803664 succ...
[2015-04-06 14:08:22--821541]send conta pic data succ 20150406132615803664,511933,packetlen 511849......
[2015-04-06 14:08:22--821661]handleSysSequenceControl,event id C000000001...
[2015-04-06 14:08:22--821710]handle event C000000001,packet data...
[2015-04-06 14:08:22--821768]prepare packet data CAR
 <CAR>
<VE_NAME></VE_NAME>
<CAR_EC_NO>E4004F43405933A0</CAR_EC_NO>
<CAR_EC_NO2></CAR_EC_NO2>
<VE_CUSTOMS_NO></VE_CUSTOMS_NO>
<VE_WT></VE_WT>
</CAR>

[2015-04-06 14:08:22--821823]prepare packet data CONTA
 <CONTA>
<CONTA_NUM>2</CONTA_NUM>
<CONTA_RECO>1</CONTA_RECO>
<CONTA_ID_F>HLXU4074106</CONTA_ID_F>
<CONTA_ID_B>FCIU9176921</CONTA_ID_B>
<CONTA_MODEL_F>20</CONTA_MODEL_F>
<CONTA_MODEL_B>20</CONTA_MODEL_B>
</CONTA>
<CONTA_PIC>
<CONTA_PIC_F>/dev/shm/1.jpg</CONTA_PIC_F>
<CONTA_PIC_B>/dev/shm/2.jpg</CONTA_PIC_B>
<CONTA_PIC_LF>/dev/shm/3.jpg</CONTA_PIC_LF>
<CONTA_PIC_RF>/dev/shm/4.jpg</CONTA_PIC_RF>
<CONTA_PIC_LB>/dev/shm/5.jpg</CONTA_PIC_LB>
<CONTA_PIC_RB>/dev/shm/6.jpg</CONTA_PIC_RB>
</CONTA_PIC>

[2015-04-06 14:08:22--821893]prepare packet data IC
 <IC>
<DR_IC_NO>SP00000000</DR_IC_NO>
<IC_DR_CUSTOMS_NO></IC_DR_CUSTOMS_NO>
<IC_CO_CUSTOMS_NO></IC_CO_CUSTOMS_NO>
<IC_BILL_NO></IC_BILL_NO>
<IC_GROSS_WT></IC_GROSS_WT>
<IC_VE_CUSTOMS_NO></IC_VE_CUSTOMS_NO>
<IC_VE_NAME></IC_VE_NAME>
<IC_CONTA_ID></IC_CONTA_ID>
<IC_ESEAL_ID></IC_ESEAL_ID>
<IC_BUSS_TYPE></IC_BUSS_TYPE>
<IC_EX_DATA></IC_EX_DATA>
</IC>

[2015-04-06 14:08:22--821943]XML data is 
 <GATHER_INFO AREA_ID="1234567890" CHNL_NO="1000000000" I_E_TYPE="I" SEQ_NO="20150406132615803664">
[2015-04-06 14:08:22--822002]send data to platform 20150406132615803664...
[2015-04-06 14:08:22--822142]send to centerchannelmanager server 20150406132615803664 succ...
[2015-04-06 14:08:23--323533]send conta pic data succ 20150406132615803664,511933,packetlen 511849......
[2015-04-06 14:08:23--323659]handleSysSequenceControl,event id C000000001...
[2015-04-06 14:08:23--323729]handle event C000000001,packet data...
[2015-04-06 14:08:23--323803]prepare packet data CAR
 <CAR>
<VE_NAME></VE_NAME>
<CAR_EC_NO>E4004F43405933A0</CAR_EC_NO>
<CAR_EC_NO2></CAR_EC_NO2>
<VE_CUSTOMS_NO></VE_CUSTOMS_NO>
<VE_WT></VE_WT>
</CAR>

[2015-04-06 14:08:23--323874]prepare packet data CONTA
 <CONTA>
<CONTA_NUM>2</CONTA_NUM>
<CONTA_RECO>1</CONTA_RECO>
<CONTA_ID_F>HLXU4074106</CONTA_ID_F>
<CONTA_ID_B>FCIU9176921</CONTA_ID_B>
<CONTA_MODEL_F>20</CONTA_MODEL_F>
<CONTA_MODEL_B>20</CONTA_MODEL_B>
</CONTA>
<CONTA_PIC>
<CONTA_PIC_F>/dev/shm/1.jpg</CONTA_PIC_F>
<CONTA_PIC_B>/dev/shm/2.jpg</CONTA_PIC_B>
<CONTA_PIC_LF>/dev/shm/3.jpg</CONTA_PIC_LF>
<CONTA_PIC_RF>/dev/shm/4.jpg</CONTA_PIC_RF>
<CONTA_PIC_LB>/dev/shm/5.jpg</CONTA_PIC_LB>
<CONTA_PIC_RB>/dev/shm/6.jpg</CONTA_PIC_RB>
</CONTA_PIC>

[2015-04-06 14:08:23--323951]prepare packet data IC
 <IC>
<DR_IC_NO>SP00000000</DR_IC_NO>
<IC_DR_CUSTOMS_NO></IC_DR_CUSTOMS_NO>
<IC_CO_CUSTOMS_NO></IC_CO_CUSTOMS_NO>
<IC_BILL_NO></IC_BILL_NO>
<IC_GROSS_WT></IC_GROSS_WT>
<IC_VE_CUSTOMS_NO></IC_VE_CUSTOMS_NO>
<IC_VE_NAME></IC_VE_NAME>
<IC_CONTA_ID></IC_CONTA_ID>
<IC_ESEAL_ID></IC_ESEAL_ID>
<IC_BUSS_TYPE></IC_BUSS_TYPE>
<IC_EX_DATA></IC_EX_DATA>
</IC>

[2015-04-06 14:08:23--324016]XML data is 
 <GATHER_INFO AREA_ID="1234567890" CHNL_NO="1000000000" I_E_TYPE="I" SEQ_NO="20150406132615803664">
[2015-04-06 14:08:23--324094]send data to platform 20150406132615803664...
[2015-04-06 14:08:23--324287]send to centerchannelmanager server 20150406132615803664 succ...
[2015-04-06 14:08:23--825593]send conta pic data succ 20150406132615803664,511933,packetlen 511849......
[2015-04-06 14:08:23--825697]handleSysSequenceControl,event id C000000001...
[2015-04-06 14:08:23--825745]handle event C000000001,packet data...
[2015-04-06 14:08:23--825803]prepare packet data CAR
 <CAR>
<VE_NAME></VE_NAME>
<CAR_EC_NO>E4004F43405933A0</CAR_EC_NO>
<CAR_EC_NO2></CAR_EC_NO2>
<VE_CUSTOMS_NO></VE_CUSTOMS_NO>
<VE_WT></VE_WT>
</CAR>

[2015-04-06 14:08:23--825858]prepare packet data CONTA
 <CONTA>
<CONTA_NUM>2</CONTA_NUM>
<CONTA_RECO>1</CONTA_RECO>
<CONTA_ID_F>HLXU4074106</CONTA_ID_F>
<CONTA_ID_B>FCIU9176921</CONTA_ID_B>
<CONTA_MODEL_F>20</CONTA_MODEL_F>
<CONTA_MODEL_B>20</CONTA_MODEL_B>
</CONTA>
<CONTA_PIC>
<CONTA_PIC_F>/dev/shm/1.jpg</CONTA_PIC_F>
<CONTA_PIC_B>/dev/shm/2.jpg</CONTA_PIC_B>
<CONTA_PIC_LF>/dev/shm/3.jpg</CONTA_PIC_LF>
<CONTA_PIC_RF>/dev/shm/4.jpg</CONTA_PIC_RF>
<CONTA_PIC_LB>/dev/shm/5.jpg</CONTA_PIC_LB>
<CONTA_PIC_RB>/dev/shm/6.jpg</CONTA_PIC_RB>
</CONTA_PIC>

[2015-04-06 14:08:23--825917]prepare packet data IC
 <IC>
<DR_IC_NO>SP00000000</DR_IC_NO>
<IC_DR_CUSTOMS_NO></IC_DR_CUSTOMS_NO>
<IC_CO_CUSTOMS_NO></IC_CO_CUSTOMS_NO>
<IC_BILL_NO></IC_BILL_NO>
<IC_GROSS_WT></IC_GROSS_WT>
<IC_VE_CUSTOMS_NO></IC_VE_CUSTOMS_NO>
<IC_VE_NAME></IC_VE_NAME>
<IC_CONTA_ID></IC_CONTA_ID>
<IC_ESEAL_ID></IC_ESEAL_ID>
<IC_BUSS_TYPE></IC_BUSS_TYPE>
<IC_EX_DATA></IC_EX_DATA>
</IC>

[2015-04-06 14:08:23--825968]XML data is 
 <GATHER_INFO AREA_ID="1234567890" CHNL_NO="1000000000" I_E_TYPE="I" SEQ_NO="20150406132615803664">
[2015-04-06 14:08:23--826037]send data to platform 20150406132615803664...
[2015-04-06 14:08:23--826095]send to centerchannelmanager server 20150406132615803664 succ...
[2015-04-06 14:08:23--856778]connect to 127.0.0.1:9600 fail......
[2015-04-06 14:08:24--327492]send conta pic data succ 20150406132615803664,511933,packetlen 511849......
[2015-04-06 14:08:24--327576]handleSysSequenceControl,event id C000000001...
[2015-04-06 14:08:24--327622]handle event C000000001,packet data...
[2015-04-06 14:08:24--327696]prepare packet data CAR
 <CAR>
<VE_NAME></VE_NAME>
<CAR_EC_NO>E4004F43405933A0</CAR_EC_NO>
<CAR_EC_NO2></CAR_EC_NO2>
<VE_CUSTOMS_NO></VE_CUSTOMS_NO>
<VE_WT></VE_WT>
</CAR>

[2015-04-06 14:08:24--327757]prepare packet data CONTA
 <CONTA>
<CONTA_NUM>2</CONTA_NUM>
<CONTA_RECO>1</CONTA_RECO>
<CONTA_ID_F>HLXU4074106</CONTA_ID_F>
<CONTA_ID_B>FCIU9176921</CONTA_ID_B>
<CONTA_MODEL_F>20</CONTA_MODEL_F>
<CONTA_MODEL_B>20</CONTA_MODEL_B>
</CONTA>
<CONTA_PIC>
<CONTA_PIC_F>/dev/shm/1.jpg</CONTA_PIC_F>
<CONTA_PIC_B>/dev/shm/2.jpg</CONTA_PIC_B>
<CONTA_PIC_LF>/dev/shm/3.jpg</CONTA_PIC_LF>
<CONTA_PIC_RF>/dev/shm/4.jpg</CONTA_PIC_RF>
<CONTA_PIC_LB>/dev/shm/5.jpg</CONTA_PIC_LB>
<CONTA_PIC_RB>/dev/shm/6.jpg</CONTA_PIC_RB>
</CONTA_PIC>

[2015-04-06 14:08:24--327818]prepare packet data IC
 <IC>
<DR_IC_NO>SP00000000</DR_IC_NO>
<IC_DR_CUSTOMS_NO></IC_DR_CUSTOMS_NO>
<IC_CO_CUSTOMS_NO></IC_CO_CUSTOMS_NO>
<IC_BILL_NO></IC_BILL_NO>
<IC_GROSS_WT></IC_GROSS_WT>
<IC_VE_CUSTOMS_NO></IC_VE_CUSTOMS_NO>
<IC_VE_NAME></IC_VE_NAME>
<IC_CONTA_ID></IC_CONTA_ID>
<IC_ESEAL_ID></IC_ESEAL_ID>
<IC_BUSS_TYPE></IC_BUSS_TYPE>
<IC_EX_DATA></IC_EX_DATA>
</IC>

[2015-04-06 14:08:24--327868]XML data is 
 <GATHER_INFO AREA_ID="1234567890" CHNL_NO="1000000000" I_E_TYPE="I" SEQ_NO="20150406132615803664">
[2015-04-06 14:08:24--327927]send data to platform 20150406132615803664...
[2015-04-06 14:08:24--328044]send to centerchannelmanager server 20150406132615803664 succ...
[2015-04-06 14:08:24--829663]send conta pic data succ 20150406132615803664,511933,packetlen 511849......
[2015-04-06 14:08:24--829790]handleSysSequenceControl,event id C000000001...
[2015-04-06 14:08:24--829838]handle event C000000001,packet data...
[2015-04-06 14:08:24--829896]prepare packet data CAR
 <CAR>
<VE_NAME></VE_NAME>
<CAR_EC_NO>E4004F43405933A0</CAR_EC_NO>
<CAR_EC_NO2></CAR_EC_NO2>
<VE_CUSTOMS_NO></VE_CUSTOMS_NO>
<VE_WT></VE_WT>
</CAR>

[2015-04-06 14:08:24--829952]prepare packet data CONTA
 <CONTA>
<CONTA_NUM>2</CONTA_NUM>
<CONTA_RECO>1</CONTA_RECO>
<CONTA_ID_F>HLXU4074106</CONTA_ID_F>
<CONTA_ID_B>FCIU9176921</CONTA_ID_B>
<CONTA_MODEL_F>20</CONTA_MODEL_F>
<CONTA_MODEL_B>20</CONTA_MODEL_B>
</CONTA>
<CONTA_PIC>
<CONTA_PIC_F>/dev/shm/1.jpg</CONTA_PIC_F>
<CONTA_PIC_B>/dev/shm/2.jpg</CONTA_PIC_B>
<CONTA_PIC_LF>/dev/shm/3.jpg</CONTA_PIC_LF>
<CONTA_PIC_RF>/dev/shm/4.jpg</CONTA_PIC_RF>
<CONTA_PIC_LB>/dev/shm/5.jpg</CONTA_PIC_LB>
<CONTA_PIC_RB>/dev/shm/6.jpg</CONTA_PIC_RB>
</CONTA_PIC>

[2015-04-06 14:08:24--830011]prepare packet data IC
 <IC>
<DR_IC_NO>SP00000000</DR_IC_NO>
<IC_DR_CUSTOMS_NO></IC_DR_CUSTOMS_NO>
<IC_CO_CUSTOMS_NO></IC_CO_CUSTOMS_NO>
<IC_BILL_NO></IC_BILL_NO>
<IC_GROSS_WT></IC_GROSS_WT>
<IC_VE_CUSTOMS_NO></IC_VE_CUSTOMS_NO>
<IC_VE_NAME></IC_VE_NAME>
<IC_CONTA_ID></IC_CONTA_ID>
<IC_ESEAL_ID></IC_ESEAL_ID>
<IC_BUSS_TYPE></IC_BUSS_TYPE>
<IC_EX_DATA></IC_EX_DATA>
</IC>

[2015-04-06 14:08:24--830060]XML data is 
 <GATHER_INFO AREA_ID="1234567890" CHNL_NO="1000000000" I_E_TYPE="I" SEQ_NO="20150406132615803664">
[2015-04-06 14:08:24--830119]send data to platform 20150406132615803664...
[2015-04-06 14:08:24--830221]send to centerchannelmanager server 20150406132615803664 succ...
[2015-04-06 14:08:25--331697]send conta pic data succ 20150406132615803664,511933,packetlen 511849......
[2015-04-06 14:08:25--331808]handleSysSequenceControl,event id C000000001...
[2015-04-06 14:08:25--331860]handle event C000000001,packet data...
[2015-04-06 14:08:25--331919]prepare packet data CAR
 <CAR>
<VE_NAME></VE_NAME>
<CAR_EC_NO>E4004F43405933A0</CAR_EC_NO>
<CAR_EC_NO2></CAR_EC_NO2>
<VE_CUSTOMS_NO></VE_CUSTOMS_NO>
<VE_WT></VE_WT>
</CAR>

[2015-04-06 14:08:25--331983]prepare packet data CONTA
 <CONTA>
<CONTA_NUM>2</CONTA_NUM>
<CONTA_RECO>1</CONTA_RECO>
<CONTA_ID_F>HLXU4074106</CONTA_ID_F>
<CONTA_ID_B>FCIU9176921</CONTA_ID_B>
<CONTA_MODEL_F>20</CONTA_MODEL_F>
<CONTA_MODEL_B>20</CONTA_MODEL_B>
</CONTA>
<CONTA_PIC>
<CONTA_PIC_F>/dev/shm/1.jpg</CONTA_PIC_F>
<CONTA_PIC_B>/dev/shm/2.jpg</CONTA_PIC_B>
<CONTA_PIC_LF>/dev/shm/3.jpg</CONTA_PIC_LF>
<CONTA_PIC_RF>/dev/shm/4.jpg</CONTA_PIC_RF>
<CONTA_PIC_LB>/dev/shm/5.jpg</CONTA_PIC_LB>
<CONTA_PIC_RB>/dev/shm/6.jpg</CONTA_PIC_RB>
</CONTA_PIC>

[2015-04-06 14:08:25--332043]prepare packet data IC
 <IC>
<DR_IC_NO>SP00000000</DR_IC_NO>
<IC_DR_CUSTOMS_NO></IC_DR_CUSTOMS_NO>
<IC_CO_CUSTOMS_NO></IC_CO_CUSTOMS_NO>
<IC_BILL_NO></IC_BILL_NO>
<IC_GROSS_WT></IC_GROSS_WT>
<IC_VE_CUSTOMS_NO></IC_VE_CUSTOMS_NO>
<IC_VE_NAME></IC_VE_NAME>
<IC_CONTA_ID></IC_CONTA_ID>
<IC_ESEAL_ID></IC_ESEAL_ID>
<IC_BUSS_TYPE></IC_BUSS_TYPE>
<IC_EX_DATA></IC_EX_DATA>
</IC>

[2015-04-06 14:08:25--332093]XML data is 
 <GATHER_INFO AREA_ID="1234567890" CHNL_NO="1000000000" I_E_TYPE="I" SEQ_NO="20150406132615803664">
[2015-04-06 14:08:25--332152]send data to platform 20150406132615803664...
[2015-04-06 14:08:25--332273]send to centerchannelmanager server 20150406132615803664 succ...
[2015-04-06 14:08:25--833765]send conta pic data succ 20150406132615803664,511933,packetlen 511849......
[2015-04-06 14:08:25--833880]handleSysSequenceControl,event id C000000001...
[2015-04-06 14:08:25--833929]handle event C000000001,packet data...
[2015-04-06 14:08:25--833987]prepare packet data CAR
 <CAR>
<VE_NAME></VE_NAME>
<CAR_EC_NO>E4004F43405933A0</CAR_EC_NO>
<CAR_EC_NO2></CAR_EC_NO2>
<VE_CUSTOMS_NO></VE_CUSTOMS_NO>
<VE_WT></VE_WT>
</CAR>

[2015-04-06 14:08:25--834042]prepare packet data CONTA
 <CONTA>
<CONTA_NUM>2</CONTA_NUM>
<CONTA_RECO>1</CONTA_RECO>
<CONTA_ID_F>HLXU4074106</CONTA_ID_F>
<CONTA_ID_B>FCIU9176921</CONTA_ID_B>
<CONTA_MODEL_F>20</CONTA_MODEL_F>
<CONTA_MODEL_B>20</CONTA_MODEL_B>
</CONTA>
<CONTA_PIC>
<CONTA_PIC_F>/dev/shm/1.jpg</CONTA_PIC_F>
<CONTA_PIC_B>/dev/shm/2.jpg</CONTA_PIC_B>
<CONTA_PIC_LF>/dev/shm/3.jpg</CONTA_PIC_LF>
<CONTA_PIC_RF>/dev/shm/4.jpg</CONTA_PIC_RF>
<CONTA_PIC_LB>/dev/shm/5.jpg</CONTA_PIC_LB>
<CONTA_PIC_RB>/dev/shm/6.jpg</CONTA_PIC_RB>
</CONTA_PIC>

[2015-04-06 14:08:25--834101]prepare packet data IC
 <IC>
<DR_IC_NO>SP00000000</DR_IC_NO>
<IC_DR_CUSTOMS_NO></IC_DR_CUSTOMS_NO>
<IC_CO_CUSTOMS_NO></IC_CO_CUSTOMS_NO>
<IC_BILL_NO></IC_BILL_NO>
<IC_GROSS_WT></IC_GROSS_WT>
<IC_VE_CUSTOMS_NO></IC_VE_CUSTOMS_NO>
<IC_VE_NAME></IC_VE_NAME>
<IC_CONTA_ID></IC_CONTA_ID>
<IC_ESEAL_ID></IC_ESEAL_ID>
<IC_BUSS_TYPE></IC_BUSS_TYPE>
<IC_EX_DATA></IC_EX_DATA>
</IC>

[2015-04-06 14:08:25--834151]XML data is 
 <GATHER_INFO AREA_ID="1234567890" CHNL_NO="1000000000" I_E_TYPE="I" SEQ_NO="20150406132615803664">
[2015-04-06 14:08:25--834210]send data to platform 20150406132615803664...
[2015-04-06 14:08:25--834324]send to centerchannelmanager server 20150406132615803664 succ...
[2015-04-06 14:08:25--857877]connect to 127.0.0.1:9600 fail......
[2015-04-06 14:08:26--335773]send conta pic data succ 20150406132615803664,511933,packetlen 511849......
[2015-04-06 14:08:26--335884]handleSysSequenceControl,event id C000000001...
[2015-04-06 14:08:26--335932]handle event C000000001,packet data...
[2015-04-06 14:08:26--335990]prepare packet data CAR
 <CAR>
<VE_NAME></VE_NAME>
<CAR_EC_NO>E4004F43405933A0</CAR_EC_NO>
<CAR_EC_NO2></CAR_EC_NO2>
<VE_CUSTOMS_NO></VE_CUSTOMS_NO>
<VE_WT></VE_WT>
</CAR>

[2015-04-06 14:08:26--336045]prepare packet data CONTA
 <CONTA>
<CONTA_NUM>2</CONTA_NUM>
<CONTA_RECO>1</CONTA_RECO>
<CONTA_ID_F>HLXU4074106</CONTA_ID_F>
<CONTA_ID_B>FCIU9176921</CONTA_ID_B>
<CONTA_MODEL_F>20</CONTA_MODEL_F>
<CONTA_MODEL_B>20</CONTA_MODEL_B>
</CONTA>
<CONTA_PIC>
<CONTA_PIC_F>/dev/shm/1.jpg</CONTA_PIC_F>
<CONTA_PIC_B>/dev/shm/2.jpg</CONTA_PIC_B>
<CONTA_PIC_LF>/dev/shm/3.jpg</CONTA_PIC_LF>
<CONTA_PIC_RF>/dev/shm/4.jpg</CONTA_PIC_RF>
<CONTA_PIC_LB>/dev/shm/5.jpg</CONTA_PIC_LB>
<CONTA_PIC_RB>/dev/shm/6.jpg</CONTA_PIC_RB>
</CONTA_PIC>

[2015-04-06 14:08:26--336114]prepare packet data IC
 <IC>
<DR_IC_NO>SP00000000</DR_IC_NO>
<IC_DR_CUSTOMS_NO></IC_DR_CUSTOMS_NO>
<IC_CO_CUSTOMS_NO></IC_CO_CUSTOMS_NO>
<IC_BILL_NO></IC_BILL_NO>
<IC_GROSS_WT></IC_GROSS_WT>
<IC_VE_CUSTOMS_NO></IC_VE_CUSTOMS_NO>
<IC_VE_NAME></IC_VE_NAME>
<IC_CONTA_ID></IC_CONTA_ID>
<IC_ESEAL_ID></IC_ESEAL_ID>
<IC_BUSS_TYPE></IC_BUSS_TYPE>
<IC_EX_DATA></IC_EX_DATA>
</IC>

[2015-04-06 14:08:26--336166]XML data is 
 <GATHER_INFO AREA_ID="1234567890" CHNL_NO="1000000000" I_E_TYPE="I" SEQ_NO="20150406132615803664">
[2015-04-06 14:08:26--336225]send data to platform 20150406132615803664...
[2015-04-06 14:08:26--336372]send to centerchannelmanager server 20150406132615803664 succ...
[2015-04-06 14:08:26--837861]send conta pic data succ 20150406132615803664,511933,packetlen 511849......
[2015-04-06 14:08:26--837961]handleSysSequenceControl,event id C000000001...
[2015-04-06 14:08:26--838009]handle event C000000001,packet data...
[2015-04-06 14:08:26--838068]prepare packet data CAR
 <CAR>
<VE_NAME></VE_NAME>
<CAR_EC_NO>E4004F43405933A0</CAR_EC_NO>
<CAR_EC_NO2></CAR_EC_NO2>
<VE_CUSTOMS_NO></VE_CUSTOMS_NO>
<VE_WT></VE_WT>
</CAR>

[2015-04-06 14:08:26--838123]prepare packet data CONTA
 <CONTA>
<CONTA_NUM>2</CONTA_NUM>
<CONTA_RECO>1</CONTA_RECO>
<CONTA_ID_F>HLXU4074106</CONTA_ID_F>
<CONTA_ID_B>FCIU9176921</CONTA_ID_B>
<CONTA_MODEL_F>20</CONTA_MODEL_F>
<CONTA_MODEL_B>20</CONTA_MODEL_B>
</CONTA>
<CONTA_PIC>
<CONTA_PIC_F>/dev/shm/1.jpg</CONTA_PIC_F>
<CONTA_PIC_B>/dev/shm/2.jpg</CONTA_PIC_B>
<CONTA_PIC_LF>/dev/shm/3.jpg</CONTA_PIC_LF>
<CONTA_PIC_RF>/dev/shm/4.jpg</CONTA_PIC_RF>
<CONTA_PIC_LB>/dev/shm/5.jpg</CONTA_PIC_LB>
<CONTA_PIC_RB>/dev/shm/6.jpg</CONTA_PIC_RB>
</CONTA_PIC>

[2015-04-06 14:08:26--838182]prepare packet data IC
 <IC>
<DR_IC_NO>SP00000000</DR_IC_NO>
<IC_DR_CUSTOMS_NO></IC_DR_CUSTOMS_NO>
<IC_CO_CUSTOMS_NO></IC_CO_CUSTOMS_NO>
<IC_BILL_NO></IC_BILL_NO>
<IC_GROSS_WT></IC_GROSS_WT>
<IC_VE_CUSTOMS_NO></IC_VE_CUSTOMS_NO>
<IC_VE_NAME></IC_VE_NAME>
<IC_CONTA_ID></IC_CONTA_ID>
<IC_ESEAL_ID></IC_ESEAL_ID>
<IC_BUSS_TYPE></IC_BUSS_TYPE>
<IC_EX_DATA></IC_EX_DATA>
</IC>

[2015-04-06 14:08:26--838233]XML data is 
 <GATHER_INFO AREA_ID="1234567890" CHNL_NO="1000000000" I_E_TYPE="I" SEQ_NO="20150406132615803664">
[2015-04-06 14:08:26--838292]send data to platform 20150406132615803664...
[2015-04-06 14:08:26--838348]send to centerchannelmanager server 20150406132615803664 succ...
[2015-04-06 14:08:27--339787]send conta pic data succ 20150406132615803664,511933,packetlen 511849......
[2015-04-06 14:08:27--858945]connect to 127.0.0.1:9600 fail......
[2015-04-06 14:08:28--301465]recv from CCascadeCmdHandler,nTailPos 76---nHeadPos 0
[2015-04-06 14:08:28--301611]parse ok...
[2015-04-06 14:08:29--860095]connect to 127.0.0.1:9600 fail......
[2015-04-06 14:08:31--861187]connect to 127.0.0.1:9600 fail......
[2015-04-06 14:08:33--862293]connect to 127.0.0.1:9600 fail......
[2015-04-06 14:08:35--863400]connect to 127.0.0.1:9600 fail......
[2015-04-06 14:08:37--864517]connect to 127.0.0.1:9600 fail......
[2015-04-06 14:08:39--865596]connect to 127.0.0.1:9600 fail......
[2015-04-06 14:08:41--623051]********device IC ollline...
[2015-04-06 14:08:41--866703]connect to 127.0.0.1:9600 fail......
[2015-04-06 14:08:43--835713]recv from CCascadeCmdHandler,nTailPos 76---nHeadPos 0
[2015-04-06 14:08:43--835854]parse ok...
[2015-04-06 14:08:43--867798]connect to 127.0.0.1:9600 fail......
[2015-04-06 14:08:45--868912]connect to 127.0.0.1:9600 fail......
[2015-04-06 14:08:47--008676]********device CONTA ollline...
[2015-04-06 14:08:47--870038]connect to 127.0.0.1:9600 fail......
[2015-04-06 14:08:49--195867]********device CAR ollline...
[2015-04-06 14:08:49--871123]connect to 127.0.0.1:9600 fail......
[2015-04-06 14:08:51--872023]connect to 127.0.0.1:9600 fail......
[2015-04-06 14:08:53--872337]connect to 127.0.0.1:9600 fail......
[2015-04-06 14:08:55--873406]connect to 127.0.0.1:9600 fail......
[2015-04-06 14:08:57--874489]connect to 127.0.0.1:9600 fail......
[2015-04-06 14:08:59--366146]recv from CCascadeCmdHandler,nTailPos 76---nHeadPos 0
[2015-04-06 14:08:59--366292]parse ok...
[2015-04-06 14:08:59--875606]connect to 127.0.0.1:9600 fail......
[2015-04-06 14:09:01--876742]connect to 127.0.0.1:9600 fail......
[2015-04-06 14:09:03--877805]connect to 127.0.0.1:9600 fail......
[2015-04-06 14:09:05--878927]connect to 127.0.0.1:9600 fail......
[2015-04-06 14:09:07--880018]connect to 127.0.0.1:9600 fail......
[2015-04-06 14:09:09--881125]connect to 127.0.0.1:9600 fail......
[2015-04-06 14:09:11--882207]connect to 127.0.0.1:9600 fail......
[2015-04-06 14:09:11--902785]current cmd handler is 3,0x9aacbf0
[2015-04-06 14:09:11--902939]recv socket is 7
[2015-04-06 14:09:11--903248]recv device 15000000 register...
[2015-04-06 14:09:13--883320]connect to 127.0.0.1:9600 fail......
[2015-04-06 14:09:14--897951]recv from CCascadeCmdHandler,nTailPos 76---nHeadPos 0
[2015-04-06 14:09:14--898077]parse ok...
[2015-04-06 14:09:15--884376]connect to 127.0.0.1:9600 fail......
[2015-04-06 14:09:17--885528]connect to 127.0.0.1:9600 fail......
[2015-04-06 14:09:19--886601]connect to 127.0.0.1:9600 fail......
[2015-04-06 14:09:20--122358]current cmd handler is 4,0x9ac5cc8
[2015-04-06 14:09:20--122529]recv socket is 8
[2015-04-06 14:09:20--122871]recv device 16000000 register...
[2015-04-06 14:09:21--887694]connect to 127.0.0.1:9600 fail......
[2015-04-06 14:09:23--888835]connect to 127.0.0.1:9600 fail......
[2015-04-06 14:09:25--889951]connect to 127.0.0.1:9600 fail......
[2015-04-06 14:09:27--891030]connect to 127.0.0.1:9600 fail......
[2015-04-06 14:09:28--211617]current cmd handler is 5,0x9adeda0
[2015-04-06 14:09:28--211793]recv socket is 9
[2015-04-06 14:09:28--212071]recv device 11000000 register...
[2015-04-06 14:09:29--892137]connect to 127.0.0.1:9600 fail......
[2015-04-06 14:09:30--429734]recv from CCascadeCmdHandler,nTailPos 76---nHeadPos 0
[2015-04-06 14:09:30--429841]parse ok...
[2015-04-06 14:09:31--893240]connect to 127.0.0.1:9600 fail......
[2015-04-06 14:09:32--645899]current cmd handler is 6,0x9af7e78
[2015-04-06 14:09:32--646069]recv socket is 10
[2015-04-06 14:09:32--646335]recv device 12010000 register...
[2015-04-06 14:09:33--894362]connect to 127.0.0.1:9600 fail......
[2015-04-06 14:09:35--895437]connect to 127.0.0.1:9600 fail......
[2015-04-06 14:09:37--896493]connect to 127.0.0.1:9600 fail......
[2015-04-06 14:09:39--897632]connect to 127.0.0.1:9600 fail......
[2015-04-06 14:09:41--898682]connect to 127.0.0.1:9600 fail......
[2015-04-06 14:09:43--899806]connect to 127.0.0.1:9600 fail......
[2015-04-06 14:09:45--900937]connect to 127.0.0.1:9600 fail......
[2015-04-06 14:09:45--961521]recv from CCascadeCmdHandler,nTailPos 76---nHeadPos 0
[2015-04-06 14:09:45--961643]parse ok...
[2015-04-06 14:09:47--902027]connect to 127.0.0.1:9600 fail......
[2015-04-06 14:09:49--903137]connect to 127.0.0.1:9600 fail......
[2015-04-06 14:09:51--904230]connect to 127.0.0.1:9600 fail......
