[2015-02-16 15:28:10--995818]load library succ! dll name is  libCustomsProxy.so 
[2015-02-16 15:28:12--200288]current cmd handler is 0,0x99ac7c8
[2015-02-16 15:28:12--206698]recv channel 12345678901000000000I register...
[2015-02-16 15:29:07--566756]recv channel 12345678901000000000I seq 20150216152907521626 to upload ...
[2015-02-16 15:44:22--563991]recv channel 12345678901000000000I seq 20150216152907521626 to upload ...
[2015-02-16 15:44:23--052007]recv channel 12345678901000000000I seq 20150216152907521626 to upload ...
[2015-02-16 15:46:02--463176]recv channel 12345678901000000000I seq 20150216152907521626 to upload ...
[2015-02-16 15:47:04--469782]recv channel 12345678901000000000I seq 20150216152907521626 to upload ...
[2015-02-16 15:47:04--977327]recv channel 12345678901000000000I seq 20150216152907521626 to upload ...
[2015-02-16 15:47:56--981190]recv channel 12345678901000000000I seq 20150216152907521626 to upload ...
[2015-02-16 15:47:57--473178]recv channel 12345678901000000000I seq 20150216152907521626 to upload ...
[2015-02-16 15:51:46--130750]recv channel 12345678901000000000I seq 20150216152907521626 to upload ...
[2015-02-16 15:51:46--131078]publish event succ...
[2015-02-16 15:51:46--618991]recv channel 12345678901000000000I seq 20150216152907521626 to upload ...
[2015-02-16 15:51:46--619228]publish event succ...
[2015-02-16 15:55:29--765997]recv channel 12345678901000000000I seq 20150216152907521626 to upload ...
[2015-02-16 15:55:29--766212]publish event succ...
[2015-02-16 15:55:30--258848]recv channel 12345678901000000000I seq 20150216152907521626 to upload ...
[2015-02-16 15:55:30--262329]publish event succ...
[2015-02-16 15:59:12--822128]recv channel 12345678901000000000I seq 20150216152907521626 to upload ...
[2015-02-16 15:59:12--822829]publish event succ...
[2015-02-16 15:59:13--322314]recv channel 12345678901000000000I seq 20150216152907521626 to upload ...
[2015-02-16 15:59:13--322480]publish event succ...
[2015-02-16 16:01:24--865333]recv channel 12345678901000000000I seq 20150216152907521626 to upload ...
[2015-02-16 16:01:24--865571]publish event succ...
[2015-02-16 16:01:25--361724]recv channel 12345678901000000000I seq 20150216152907521626 to upload ...
[2015-02-16 16:01:25--361930]publish event succ...
[2015-02-16 16:04:36--402813]recv channel 12345678901000000000I seq 20150216152907521626 to upload ...
[2015-02-16 16:04:36--403049]publish event succ...
[2015-02-16 16:04:36--895508]recv channel 12345678901000000000I seq 20150216152907521626 to upload ...
[2015-02-16 16:04:36--895904]publish event succ...
[2015-02-16 16:08:55--943501]recv channel 12345678901000000000I seq 20150216152907521626 to upload ...
[2015-02-16 16:08:55--943822]publish event succ...
[2015-02-16 16:08:56--435427]recv channel 12345678901000000000I seq 20150216152907521626 to upload ...
[2015-02-16 16:08:56--435596]publish event succ...
[2015-02-16 16:09:46--954508]recv channel 12345678901000000000I seq 20150216152907521626 to upload ...
[2015-02-16 16:09:46--954708]publish event succ...
[2015-02-16 16:09:47--467653]recv channel 12345678901000000000I seq 20150216152907521626 to upload ...
[2015-02-16 16:09:47--468242]publish event succ...
[2015-02-16 16:11:16--613142]recv channel 12345678901000000000I seq 20150216152907521626 to upload ...
[2015-02-16 16:11:16--613848]publish event succ...
[2015-02-16 16:11:17--095915]recv channel 12345678901000000000I seq 20150216152907521626 to upload ...
[2015-02-16 16:11:17--096145]publish event succ...
[2015-02-16 16:14:09--359877]recv channel 12345678901000000000I seq 20150216152907521626 to upload ...
[2015-02-16 16:14:09--360079]publish event succ...
[2015-02-16 16:14:09--849937]recv channel 12345678901000000000I seq 20150216152907521626 to upload ...
[2015-02-16 16:14:09--850359]publish event succ...
[2015-02-16 16:16:15--447635]recv channel 12345678901000000000I seq 20150216152907521626 to upload ...
[2015-02-16 16:16:15--448202]publish event succ...
[2015-02-16 16:16:15--923651]recv channel 12345678901000000000I seq 20150216152907521626 to upload ...
[2015-02-16 16:16:15--923837]publish event succ...
[2015-02-16 16:18:50--291648]recv channel 12345678901000000000I seq 20150216152907521626 to upload ...
[2015-02-16 16:18:50--292236]publish event succ...
[2015-02-16 16:18:50--789416]recv channel 12345678901000000000I seq 20150216152907521626 to upload ...
[2015-02-16 16:18:50--789592]publish event succ...
[2015-02-16 16:24:41--881128]recv channel 12345678901000000000I seq 20150216152907521626 to upload ...
[2015-02-16 16:24:41--881375]publish event succ...
[2015-02-16 16:25:16--920323]recv channel 12345678901000000000I seq 20150216152907521626 to upload ...
[2015-02-16 16:25:16--920586]publish event succ...
[2015-02-16 16:25:17--406257]recv channel 12345678901000000000I seq 20150216152907521626 to upload ...
[2015-02-16 16:25:17--406460]publish event succ...
[2015-02-16 16:26:00--019010]recv channel 12345678901000000000I seq 20150216152907521626 to upload ...
[2015-02-16 16:26:00--019175]publish event succ...
[2015-02-16 16:26:35--066177]recv channel 12345678901000000000I seq 20150216152907521626 to upload ...
[2015-02-16 16:26:35--077116]publish event succ...
[2015-02-16 16:26:35--553464]recv channel 12345678901000000000I seq 20150216152907521626 to upload ...
[2015-02-16 16:26:35--553796]publish event succ...
