[2015-02-16 21:17:43--103797]current cmd handler is 1,0x99ac978
[2015-02-16 21:17:43--122974]recv channel 12345678901000000000I register...
[2015-02-16 21:17:43--123449]register channel 12345678901000000000I succ...
[2015-02-16 21:20:05--976703]recv channel 12345678901000000000I seq 20150216212005918278 to upload ...
[2015-02-16 21:20:05--977011]publish event succ...
[2015-02-16 21:20:06--421011]recv channel 12345678901000000000I seq 20150216212005918278 to upload ...
[2015-02-16 21:20:06--421417]publish event succ...
[2015-02-16 21:20:07--975311]recv channel 12345678901000000000I seq 20150216212005918278 to upload ...
[2015-02-16 21:20:07--975533]publish event succ...
[2015-02-16 21:20:10--031250]recv channel 12345678901000000000I seq 20150216212005918278 to upload ...
[2015-02-16 21:20:10--031874]publish event succ...
[2015-02-16 21:20:12--109058]recv channel 12345678901000000000I seq 20150216212005918278 to upload ...
[2015-02-16 21:20:12--109380]publish event succ...
[2015-02-16 21:20:14--155882]recv channel 12345678901000000000I seq 20150216212005918278 to upload ...
[2015-02-16 21:20:14--156168]publish event succ...
[2015-02-16 21:20:16--250413]recv channel 12345678901000000000I seq 20150216212005918278 to upload ...
[2015-02-16 21:20:16--250680]publish event succ...
[2015-02-16 21:20:18--287606]recv channel 12345678901000000000I seq 20150216212005918278 to upload ...
[2015-02-16 21:20:18--287829]publish event succ...
[2015-02-16 21:20:20--378043]recv channel 12345678901000000000I seq 20150216212005918278 to upload ...
[2015-02-16 21:20:20--378345]publish event succ...
[2015-02-16 21:20:22--414406]recv channel 12345678901000000000I seq 20150216212005918278 to upload ...
[2015-02-16 21:20:22--414695]publish event succ...
[2015-02-16 21:20:24--463543]recv channel 12345678901000000000I seq 20150216212005918278 to upload ...
[2015-02-16 21:20:24--464063]publish event succ...
[2015-02-16 21:20:26--513685]recv channel 12345678901000000000I seq 20150216212005918278 to upload ...
[2015-02-16 21:20:26--513913]publish event succ...
[2015-02-16 21:20:28--625045]recv channel 12345678901000000000I seq 20150216212005918278 to upload ...
[2015-02-16 21:20:28--625355]publish event succ...
[2015-02-16 21:20:30--670349]recv channel 12345678901000000000I seq 20150216212005918278 to upload ...
[2015-02-16 21:20:30--670581]publish event succ...
[2015-02-16 21:20:32--740342]recv channel 12345678901000000000I seq 20150216212005918278 to upload ...
[2015-02-16 21:20:32--740529]publish event succ...
[2015-02-16 21:20:35--320806]recv channel 12345678901000000000I seq 20150216212005918278 to upload ...
[2015-02-16 21:20:35--352810]publish event succ...
[2015-02-16 21:20:37--357350]recv channel 12345678901000000000I seq 20150216212005918278 to upload ...
[2015-02-16 21:20:37--357617]publish event succ...
[2015-02-16 21:20:39--404306]recv channel 12345678901000000000I seq 20150216212005918278 to upload ...
[2015-02-16 21:20:39--404586]publish event succ...
[2015-02-16 21:20:41--463992]recv channel 12345678901000000000I seq 20150216212005918278 to upload ...
[2015-02-16 21:20:41--464409]publish event succ...
[2015-02-16 21:20:43--525082]recv channel 12345678901000000000I seq 20150216212005918278 to upload ...
[2015-02-16 21:20:43--525320]publish event succ...
[2015-02-16 21:20:45--604620]recv channel 12345678901000000000I seq 20150216212005918278 to upload ...
[2015-02-16 21:20:45--604880]publish event succ...
[2015-02-16 21:20:47--640697]recv channel 12345678901000000000I seq 20150216212005918278 to upload ...
[2015-02-16 21:20:47--640850]publish event succ...
[2015-02-16 21:20:49--700486]recv channel 12345678901000000000I seq 20150216212005918278 to upload ...
[2015-02-16 21:20:49--700683]publish event succ...
[2015-02-16 21:20:51--806100]recv channel 12345678901000000000I seq 20150216212005918278 to upload ...
[2015-02-16 21:20:51--806380]publish event succ...
[2015-02-16 21:20:53--840810]recv channel 12345678901000000000I seq 20150216212005918278 to upload ...
[2015-02-16 21:20:53--841045]publish event succ...
[2015-02-16 21:20:55--899626]recv channel 12345678901000000000I seq 20150216212005918278 to upload ...
[2015-02-16 21:20:55--899928]publish event succ...
[2015-02-16 21:20:57--998941]recv channel 12345678901000000000I seq 20150216212005918278 to upload ...
[2015-02-16 21:20:57--999129]publish event succ...
[2015-02-16 21:21:00--045138]recv channel 12345678901000000000I seq 20150216212005918278 to upload ...
[2015-02-16 21:21:00--045369]publish event succ...
[2015-02-16 21:21:02--135586]recv channel 12345678901000000000I seq 20150216212005918278 to upload ...
[2015-02-16 21:21:02--135847]publish event succ...
[2015-02-16 21:21:04--159246]recv channel 12345678901000000000I seq 20150216212005918278 to upload ...
[2015-02-16 21:21:04--159400]publish event succ...
[2015-02-16 21:21:06--252536]recv channel 12345678901000000000I seq 20150216212005918278 to upload ...
[2015-02-16 21:21:06--252850]publish event succ...
[2015-02-16 21:21:08--269963]recv channel 12345678901000000000I seq 20150216212005918278 to upload ...
[2015-02-16 21:21:08--270162]publish event succ...
[2015-02-16 21:21:10--326109]recv channel 12345678901000000000I seq 20150216212005918278 to upload ...
[2015-02-16 21:21:10--326256]publish event succ...
[2015-02-16 21:21:12--386365]recv channel 12345678901000000000I seq 20150216212005918278 to upload ...
[2015-02-16 21:21:12--403804]publish event succ...
[2015-02-16 21:21:14--432631]recv channel 12345678901000000000I seq 20150216212005918278 to upload ...
[2015-02-16 21:21:14--433340]publish event succ...
[2015-02-16 21:21:16--490255]recv channel 12345678901000000000I seq 20150216212005918278 to upload ...
[2015-02-16 21:21:16--490837]publish event succ...
[2015-02-16 21:21:18--547048]recv channel 12345678901000000000I seq 20150216212005918278 to upload ...
[2015-02-16 21:21:18--547252]publish event succ...
[2015-02-16 21:21:18--635875]********channel 12345678901000000000I offline......
[2015-02-16 21:21:21--592212]current cmd handler is 2,0x99acb68
[2015-02-16 21:21:21--593133]recv channel 12345678901000000000I register...
[2015-02-16 21:21:21--593892]register channel 12345678901000000000I succ...
[2015-02-16 21:25:01--723215]********channel 12345678901000000000I offline......
